1
0.000000
0

1
0.000000
1
1.000000 1.000000 1.000000 1 0

1
0.000000
1
1.000000 1.000000 1.000000 1 1

6
2.538513
2
1.000000 1.000000 1.000000 1 0
0.500000 1.500000 1.000000 1 0

12
2.538513
2
1.000000 1.000000 1.000000 1 1
0.500000 1.500000 1.000000 1 0

6
2.538513
2
1.000000 1.000000 1.000000 1 1
0.500000 1.500000 1.000000 1 1

3
3.590000
2
1.000000 1.000000 1.000000 1 0
-0.000000 1.000000 1.000000 1 0

6
3.590000
2
1.000000 1.000000 1.000000 1 1
-0.000000 1.000000 1.000000 1 0

3
3.590000
2
1.000000 1.000000 1.000000 1 1
-0.000000 1.000000 1.000000 1 1

12
4.396834
2
1.000000 1.000000 1.000000 1 0
-0.000000 1.500000 1.500000 1 0

24
4.396834
2
1.000000 1.000000 1.000000 1 1
-0.000000 1.500000 1.500000 1 0

12
4.396834
2
1.000000 1.000000 1.000000 1 1
-0.000000 1.500000 1.500000 1 1

6
5.077027
2
1.000000 1.000000 1.000000 1 0
-0.000000 1.000000 2.000000 1 0

12
5.077027
2
1.000000 1.000000 1.000000 1 1
-0.000000 1.000000 2.000000 1 0

6
5.077027
2
1.000000 1.000000 1.000000 1 1
-0.000000 1.000000 2.000000 1 1

12
5.676288
2
1.000000 1.000000 1.000000 1 0
-0.500000 0.500000 1.000000 1 0

24
5.676288
2
1.000000 1.000000 1.000000 1 1
-0.500000 0.500000 1.000000 1 0

12
5.676288
2
1.000000 1.000000 1.000000 1 1
-0.500000 0.500000 1.000000 1 1

4
6.218062
2
1.000000 1.000000 1.000000 1 0
0.000000 2.000000 2.000000 1 0

8
6.218062
2
1.000000 1.000000 1.000000 1 1
0.000000 2.000000 2.000000 1 0

4
6.218062
2
1.000000 1.000000 1.000000 1 1
0.000000 2.000000 2.000000 1 1

24
6.716275
2
1.000000 1.000000 1.000000 1 0
2.500000 0.500000 0.000000 1 0

48
6.716275
2
1.000000 1.000000 1.000000 1 1
2.500000 0.500000 0.000000 1 0

24
6.716275
2
1.000000 1.000000 1.000000 1 1
2.500000 0.500000 0.000000 1 1

3
7.180000
2
1.000000 1.000000 1.000000 1 0
-1.000000 1.000000 1.000000 1 0

6
7.180000
2
1.000000 1.000000 1.000000 1 1
-1.000000 1.000000 1.000000 1 0

3
7.180000
2
1.000000 1.000000 1.000000 1 1
-1.000000 1.000000 1.000000 1 1

6
7.615540
2
1.000000 1.000000 1.000000 1 0
-0.500000 1.000000 2.500000 1 0

12
7.615540
2
1.000000 1.000000 1.000000 1 1
-0.500000 1.000000 2.500000 1 0

6
7.615540
2
1.000000 1.000000 1.000000 1 1
-0.500000 1.000000 2.500000 1 1

12
7.615540
2
1.000000 1.000000 1.000000 1 0
0.500000 0.500000 3.000000 1 0

24
7.615540
2
1.000000 1.000000 1.000000 1 1
0.500000 0.500000 3.000000 1 0

12
7.615540
2
1.000000 1.000000 1.000000 1 1
0.500000 0.500000 3.000000 1 1

12
8.027484
2
1.000000 1.000000 1.000000 1 0
-1.000000 -0.000000 1.000000 1 0

24
8.027484
2
1.000000 1.000000 1.000000 1 1
-1.000000 -0.000000 1.000000 1 0

12
8.027484
2
1.000000 1.000000 1.000000 1 1
-1.000000 -0.000000 1.000000 1 1

12
8.419296
2
1.000000 1.000000 1.000000 1 0
-0.500000 -0.500000 2.000000 1 0

24
8.419296
2
1.000000 1.000000 1.000000 1 1
-0.500000 -0.500000 2.000000 1 0

12
8.419296
2
1.000000 1.000000 1.000000 1 1
-0.500000 -0.500000 2.000000 1 1

12
8.793668
2
1.000000 1.000000 1.000000 1 0
-1.000000 2.000000 2.000000 1 0

24
8.793668
2
1.000000 1.000000 1.000000 1 1
-1.000000 2.000000 2.000000 1 0

12
8.793668
2
1.000000 1.000000 1.000000 1 1
-1.000000 2.000000 2.000000 1 1

8
2.538513
3
1.000000 1.000000 1.000000 1 0
0.500000 1.500000 1.000000 1 0
0.500000 1.000000 1.500000 1 0

24
2.538513
3
1.000000 1.000000 1.000000 1 1
0.500000 1.500000 1.000000 1 0
0.500000 1.000000 1.500000 1 0

24
2.538513
3
1.000000 1.000000 1.000000 1 1
0.500000 1.500000 1.000000 1 1
0.500000 1.000000 1.500000 1 0

8
2.538513
3
1.000000 1.000000 1.000000 1 1
0.500000 1.500000 1.000000 1 1
0.500000 1.000000 1.500000 1 1

12
3.590000
3
1.000000 1.000000 1.000000 1 0
0.500000 1.000000 1.500000 1 0
-0.000000 1.000000 1.000000 1 0

24
3.590000
3
1.000000 1.000000 1.000000 1 1
0.500000 1.000000 1.500000 1 0
-0.000000 1.000000 1.000000 1 0

12
3.590000
3
1.000000 1.000000 1.000000 1 0
0.500000 1.000000 1.500000 1 1
-0.000000 1.000000 1.000000 1 0

24
3.590000
3
1.000000 1.000000 1.000000 1 1
0.500000 1.000000 1.500000 1 1
-0.000000 1.000000 1.000000 1 0

12
3.590000
3
1.000000 1.000000 1.000000 1 1
0.500000 1.000000 1.500000 1 0
-0.000000 1.000000 1.000000 1 1

12
3.590000
3
1.000000 1.000000 1.000000 1 1
0.500000 1.000000 1.500000 1 1
-0.000000 1.000000 1.000000 1 1

